2021/12/20 14:07:39 openxpki.audit.system.INFO server was started [pid=23|]
2021/12/20 14:08:14 openxpki.application.INFO Purged 1 expired sessions [pid=27|sid=VHVW]
2021/12/20 14:12:40 openxpki.system.ERROR I18N_OPENXPKI_SERVER_AUTHENTICATION_PASSWORD_LOGIN_FAILED; __USER__ => openxpki [pid=92|sid=bX4B]
2021/12/20 14:12:40 openxpki.auth.WARN I18N_OPENXPKI_SERVER_AUTHENTICATION_LOGIN_FAILED; __ERRVAL__ => I18N_OPENXPKI_SERVER_AUTHENTICATION_PASSWORD_LOGIN_FAILED; __USER__ => openxpki [pid=92|sid=bX4B]
2021/12/20 14:13:19 openxpki.application.INFO Purged 1 expired sessions [pid=27|sid=VHVW]
2021/12/20 14:13:54 openxpki.system.ERROR I18N_OPENXPKI_SERVER_AUTHENTICATION_PASSWORD_LOGIN_FAILED; __USER__ => OPENXPKI [pid=92|sid=bX4B]
2021/12/20 14:13:54 openxpki.auth.WARN I18N_OPENXPKI_SERVER_AUTHENTICATION_LOGIN_FAILED; __ERRVAL__ => I18N_OPENXPKI_SERVER_AUTHENTICATION_PASSWORD_LOGIN_FAILED; __USER__ => OPENXPKI [pid=92|sid=bX4B]
2021/12/20 14:15:20 openxpki.auth.INFO Login successful using authentication stack 'Operator' (user: 'raop', role: 'RA Operator') [pid=92|sid=bX4B]
2021/12/20 14:15:21 openxpki.application.INFO Execute action statsys_initalize on workflow #0 [pid=92|sid=pN+y|wftype=status_system|wfid=0]
2021/12/20 14:16:07 openxpki.auth.INFO Login successful using authentication stack 'Anonymous' (user: 'anonymous', role: 'Anonymous') [pid=92|sid=3eU+]
2021/12/20 14:16:23 openxpki.auth.INFO Login successful using authentication stack 'User' (user: 'raop', role: 'User') [pid=92|sid=NkqS]
2021/12/20 14:18:20 openxpki.application.INFO Purged 1 expired sessions [pid=27|sid=VHVW]
2021/12/20 14:19:12 openxpki.auth.INFO Login successful using authentication stack 'User' (user: 'bob', role: 'User') [pid=94|sid=TzQj]
2021/12/20 14:19:29 openxpki.application.INFO Execute action csr_select_profile on workflow #511 [pid=94|sid=xSpe|wftype=certificate_signing_request_v2|wfid=511]
2021/12/20 14:19:29 openxpki.application.INFO KeyGenerationMode condition result: 1 (client ?= both) [pid=94|sid=xSpe|wftype=certificate_signing_request_v2|wfid=511]
2021/12/20 14:19:29 openxpki.application.INFO KeyGenerationMode condition result: 1 (server ?= both) [pid=94|sid=xSpe|wftype=certificate_signing_request_v2|wfid=511]
2021/12/20 14:19:29 openxpki.application.INFO KeyGenerationMode condition result: 1 (client ?= both) [pid=94|sid=xSpe]
2021/12/20 14:19:29 openxpki.application.INFO KeyGenerationMode condition result: 1 (server ?= both) [pid=94|sid=xSpe]
2021/12/20 14:19:30 openxpki.application.INFO KeyGenerationMode condition result: 1 (client ?= both) [pid=94|sid=xSpe]
2021/12/20 14:19:30 openxpki.application.INFO KeyGenerationMode condition result: 1 (server ?= both) [pid=94|sid=xSpe]
2021/12/20 14:19:36 openxpki.application.INFO KeyGenerationMode condition result: 1 (client ?= both) [pid=94|sid=xSpe]
2021/12/20 14:19:36 openxpki.application.INFO KeyGenerationMode condition result: 1 (server ?= both) [pid=94|sid=xSpe]
2021/12/20 14:19:47 openxpki.application.INFO KeyGenerationMode condition result: 1 (server ?= both) [pid=94|sid=xSpe|wftype=certificate_signing_request_v2|wfid=511]
2021/12/20 14:19:47 openxpki.application.INFO Execute action csr_provide_server_key_params on workflow #511 [pid=94|sid=xSpe|wftype=certificate_signing_request_v2|wfid=511]
2021/12/20 14:19:55 openxpki.application.INFO Execute action csr_retype_server_password on workflow #511 [pid=94|sid=xSpe|wftype=certificate_signing_request_v2|wfid=511]
2021/12/20 14:19:55 openxpki.application.INFO Execute action csr_persist_key_password on workflow #511 [pid=94|sid=xSpe|wftype=certificate_signing_request_v2|wfid=511]
2021/12/20 14:19:55 openxpki.system.ERROR I18N_OPENXPKI_API_TOKEN_GET_TOKEN_ALIAS_BY_GROUP_NO_RESULT; __GROUP__ => ca-one-vault; __NOAFTER__ => 1640009995; __PKI_REALM__ => ca-one; __NOTBEFORE__ => 1640009995 [pid=94|sid=xSpe|wftype=certificate_signing_request_v2|wfid=511]
2021/12/20 14:19:55 Workflow.ERROR Caught exception from action: I18N_OPENXPKI_API_TOKEN_GET_TOKEN_ALIAS_BY_GROUP_NO_RESULT; __NOTBEFORE__ => 1640009995; __PKI_REALM__ => ca-one; __NOAFTER__ => 1640009995; __GROUP__ => ca-one-vault; reset workflow to old state 'PERSIST_KEY_PASSWORD' [pid=94|sid=xSpe|wftype=certificate_signing_request_v2|wfid=511]
2021/12/20 14:19:55 openxpki.system.ERROR I18N_OPENXPKI_SERVER_WORKFLOW_ERROR_ON_EXECUTE; __EXCEPTION__ => OpenXPKI::Exception; __ACTION__ => csr_persist_key_password; __ERROR__ => I18N_OPENXPKI_API_TOKEN_GET_TOKEN_ALIAS_BY_GROUP_NO_RESULT; __NOAFTER__ => 1640009995; __GROUP__ => ca-one-vault; __NOTBEFORE__ => 1640009995; __PKI_REALM__ => ca-one [pid=94|sid=xSpe|wftype=certificate_signing_request_v2|wfid=511]
2021/12/20 14:19:55 openxpki.workflow.ERROR Error executing workflow activity 'csr_retype_server_password' on workflow id 511 (type certificate_signing_request_v2): I18N_OPENXPKI_SERVER_WORKFLOW_ERROR_ON_EXECUTE; __ACTION__ => csr_persist_key_password; __ERROR__ => I18N_OPENXPKI_API_TOKEN_GET_TOKEN_ALIAS_BY_GROUP_NO_RESULT; __NOTBEFORE__ => 1640009995; __PKI_REALM__ => ca-one; __NOAFTER__ => 1640009995; __GROUP__ => ca-one-vault; __EXCEPTION__ => OpenXPKI::Exception [pid=94|sid=xSpe|wftype=certificate_signing_request_v2|wfid=511]
2021/12/20 14:19:55 openxpki.system.ERROR I18N_OPENXPKI_SERVER_API_WORKFLOW_GET_WORKFLOW_INFO_NO_WORKFLOW_GIVEN; __ARGS__ => HASH(0x85641e0) [pid=94|sid=xSpe]
2021/12/20 14:20:26 openxpki.auth.INFO Login successful using authentication stack 'User' (user: 'Duyanh', role: 'User') [pid=94|sid=pyil]
2021/12/20 14:20:58 openxpki.application.INFO Execute action csr_select_profile on workflow #767 [pid=94|sid=sCSa|wftype=certificate_signing_request_v2|wfid=767]
2021/12/20 14:20:58 openxpki.application.INFO KeyGenerationMode condition result: 1 (client ?= both) [pid=94|sid=sCSa|wftype=certificate_signing_request_v2|wfid=767]
2021/12/20 14:20:58 openxpki.application.INFO KeyGenerationMode condition result: 1 (server ?= both) [pid=94|sid=sCSa|wftype=certificate_signing_request_v2|wfid=767]
2021/12/20 14:20:58 openxpki.application.INFO KeyGenerationMode condition result: 1 (client ?= both) [pid=94|sid=sCSa]
2021/12/20 14:20:58 openxpki.application.INFO KeyGenerationMode condition result: 1 (server ?= both) [pid=94|sid=sCSa]
2021/12/20 14:20:58 openxpki.application.INFO KeyGenerationMode condition result: 1 (client ?= both) [pid=94|sid=sCSa]
2021/12/20 14:20:58 openxpki.application.INFO KeyGenerationMode condition result: 1 (server ?= both) [pid=94|sid=sCSa]
2021/12/20 14:21:02 openxpki.application.INFO KeyGenerationMode condition result: 1 (client ?= both) [pid=94|sid=sCSa]
2021/12/20 14:21:02 openxpki.application.INFO KeyGenerationMode condition result: 1 (server ?= both) [pid=94|sid=sCSa]
2021/12/20 14:21:09 openxpki.application.INFO KeyGenerationMode condition result: 1 (server ?= both) [pid=94|sid=sCSa|wftype=certificate_signing_request_v2|wfid=767]
2021/12/20 14:21:09 openxpki.application.INFO Execute action csr_provide_server_key_params on workflow #767 [pid=94|sid=sCSa|wftype=certificate_signing_request_v2|wfid=767]
2021/12/20 14:21:21 openxpki.application.INFO Execute action csr_retype_server_password on workflow #767 [pid=94|sid=sCSa|wftype=certificate_signing_request_v2|wfid=767]
2021/12/20 14:21:21 openxpki.application.INFO Execute action csr_persist_key_password on workflow #767 [pid=94|sid=sCSa|wftype=certificate_signing_request_v2|wfid=767]
2021/12/20 14:21:21 openxpki.system.ERROR I18N_OPENXPKI_API_TOKEN_GET_TOKEN_ALIAS_BY_GROUP_NO_RESULT; __PKI_REALM__ => ca-one; __NOTBEFORE__ => 1640010081; __GROUP__ => ca-one-vault; __NOAFTER__ => 1640010081 [pid=94|sid=sCSa|wftype=certificate_signing_request_v2|wfid=767]
2021/12/20 14:21:21 Workflow.ERROR Caught exception from action: I18N_OPENXPKI_API_TOKEN_GET_TOKEN_ALIAS_BY_GROUP_NO_RESULT; __PKI_REALM__ => ca-one; __NOTBEFORE__ => 1640010081; __GROUP__ => ca-one-vault; __NOAFTER__ => 1640010081; reset workflow to old state 'PERSIST_KEY_PASSWORD' [pid=94|sid=sCSa|wftype=certificate_signing_request_v2|wfid=767]
2021/12/20 14:21:22 openxpki.system.ERROR I18N_OPENXPKI_SERVER_WORKFLOW_ERROR_ON_EXECUTE; __EXCEPTION__ => OpenXPKI::Exception; __ACTION__ => csr_persist_key_password; __ERROR__ => I18N_OPENXPKI_API_TOKEN_GET_TOKEN_ALIAS_BY_GROUP_NO_RESULT; __GROUP__ => ca-one-vault; __NOAFTER__ => 1640010081; __PKI_REALM__ => ca-one; __NOTBEFORE__ => 1640010081 [pid=94|sid=sCSa|wftype=certificate_signing_request_v2|wfid=767]
2021/12/20 14:21:22 openxpki.workflow.ERROR Error executing workflow activity 'csr_retype_server_password' on workflow id 767 (type certificate_signing_request_v2): I18N_OPENXPKI_SERVER_WORKFLOW_ERROR_ON_EXECUTE; __ERROR__ => I18N_OPENXPKI_API_TOKEN_GET_TOKEN_ALIAS_BY_GROUP_NO_RESULT; __PKI_REALM__ => ca-one; __NOTBEFORE__ => 1640010081; __GROUP__ => ca-one-vault; __NOAFTER__ => 1640010081; __ACTION__ => csr_persist_key_password; __EXCEPTION__ => OpenXPKI::Exception [pid=94|sid=sCSa|wftype=certificate_signing_request_v2|wfid=767]
2021/12/20 14:21:22 openxpki.system.ERROR I18N_OPENXPKI_SERVER_API_WORKFLOW_GET_WORKFLOW_INFO_NO_WORKFLOW_GIVEN; __ARGS__ => HASH(0x8639af8) [pid=94|sid=sCSa]
2021/12/20 14:21:50 openxpki.auth.INFO Login successful using authentication stack 'Operator' (user: 'raop', role: 'RA Operator') [pid=94|sid=8Q/5]
2021/12/20 14:21:50 openxpki.application.INFO Execute action statsys_initalize on workflow #0 [pid=94|sid=rrQ5|wftype=status_system|wfid=0]
2021/12/20 14:22:34 openxpki.auth.INFO Login successful using authentication stack 'User' (user: 'DA', role: 'User') [pid=94|sid=gEcu]
2021/12/20 14:23:25 openxpki.application.INFO Purged 1 expired sessions [pid=27|sid=VHVW]
2021/12/20 14:23:30 openxpki.auth.INFO Login successful using authentication stack 'User' (user: 'Duyanh', role: 'User') [pid=94|sid=OVJY]
2021/12/20 14:23:46 openxpki.application.INFO Execute action csr_select_profile on workflow #1023 [pid=94|sid=JVtS|wftype=certificate_signing_request_v2|wfid=1023]
2021/12/20 14:23:46 openxpki.application.INFO KeyGenerationMode condition result: 1 (client ?= both) [pid=94|sid=JVtS|wftype=certificate_signing_request_v2|wfid=1023]
2021/12/20 14:23:46 openxpki.application.INFO KeyGenerationMode condition result: 1 (server ?= both) [pid=94|sid=JVtS|wftype=certificate_signing_request_v2|wfid=1023]
2021/12/20 14:23:46 openxpki.application.INFO KeyGenerationMode condition result: 1 (client ?= both) [pid=94|sid=JVtS]
2021/12/20 14:23:46 openxpki.application.INFO KeyGenerationMode condition result: 1 (server ?= both) [pid=94|sid=JVtS]
2021/12/20 14:23:46 openxpki.application.INFO KeyGenerationMode condition result: 1 (client ?= both) [pid=94|sid=JVtS]
2021/12/20 14:23:46 openxpki.application.INFO KeyGenerationMode condition result: 1 (server ?= both) [pid=94|sid=JVtS]
2021/12/20 14:23:50 openxpki.application.INFO KeyGenerationMode condition result: 1 (client ?= both) [pid=94|sid=JVtS]
2021/12/20 14:23:50 openxpki.application.INFO KeyGenerationMode condition result: 1 (server ?= both) [pid=94|sid=JVtS]
2021/12/20 14:23:59 openxpki.application.INFO KeyGenerationMode condition result: 1 (server ?= both) [pid=94|sid=JVtS|wftype=certificate_signing_request_v2|wfid=1023]
2021/12/20 14:23:59 openxpki.application.INFO Execute action csr_provide_server_key_params on workflow #1023 [pid=94|sid=JVtS|wftype=certificate_signing_request_v2|wfid=1023]
2021/12/20 14:24:06 openxpki.application.INFO Execute action csr_retype_server_password on workflow #1023 [pid=94|sid=JVtS|wftype=certificate_signing_request_v2|wfid=1023]
2021/12/20 14:24:06 openxpki.application.INFO Execute action csr_persist_key_password on workflow #1023 [pid=94|sid=JVtS|wftype=certificate_signing_request_v2|wfid=1023]
2021/12/20 14:24:06 openxpki.system.ERROR I18N_OPENXPKI_API_TOKEN_GET_TOKEN_ALIAS_BY_GROUP_NO_RESULT; __GROUP__ => ca-one-vault; __NOAFTER__ => 1640010246; __PKI_REALM__ => ca-one; __NOTBEFORE__ => 1640010246 [pid=94|sid=JVtS|wftype=certificate_signing_request_v2|wfid=1023]
2021/12/20 14:24:06 Workflow.ERROR Caught exception from action: I18N_OPENXPKI_API_TOKEN_GET_TOKEN_ALIAS_BY_GROUP_NO_RESULT; __NOAFTER__ => 1640010246; __GROUP__ => ca-one-vault; __NOTBEFORE__ => 1640010246; __PKI_REALM__ => ca-one; reset workflow to old state 'PERSIST_KEY_PASSWORD' [pid=94|sid=JVtS|wftype=certificate_signing_request_v2|wfid=1023]
2021/12/20 14:24:06 openxpki.system.ERROR I18N_OPENXPKI_SERVER_WORKFLOW_ERROR_ON_EXECUTE; __EXCEPTION__ => OpenXPKI::Exception; __ERROR__ => I18N_OPENXPKI_API_TOKEN_GET_TOKEN_ALIAS_BY_GROUP_NO_RESULT; __NOAFTER__ => 1640010246; __GROUP__ => ca-one-vault; __NOTBEFORE__ => 1640010246; __PKI_REALM__ => ca-one; __ACTION__ => csr_persist_key_password [pid=94|sid=JVtS|wftype=certificate_signing_request_v2|wfid=1023]
2021/12/20 14:24:06 openxpki.workflow.ERROR Error executing workflow activity 'csr_retype_server_password' on workflow id 1023 (type certificate_signing_request_v2): I18N_OPENXPKI_SERVER_WORKFLOW_ERROR_ON_EXECUTE; __EXCEPTION__ => OpenXPKI::Exception; __ACTION__ => csr_persist_key_password; __ERROR__ => I18N_OPENXPKI_API_TOKEN_GET_TOKEN_ALIAS_BY_GROUP_NO_RESULT; __NOTBEFORE__ => 1640010246; __PKI_REALM__ => ca-one; __NOAFTER__ => 1640010246; __GROUP__ => ca-one-vault [pid=94|sid=JVtS|wftype=certificate_signing_request_v2|wfid=1023]
2021/12/20 14:24:06 openxpki.system.ERROR I18N_OPENXPKI_SERVER_API_WORKFLOW_GET_WORKFLOW_INFO_NO_WORKFLOW_GIVEN; __ARGS__ => HASH(0x86f03a8) [pid=94|sid=JVtS]
2021/12/20 14:24:23 openxpki.application.INFO Execute action csr_select_profile on workflow #1279 [pid=94|sid=JVtS|wftype=certificate_signing_request_v2|wfid=1279]
2021/12/20 14:24:23 openxpki.application.INFO KeyGenerationMode condition result: 1 (client ?= both) [pid=94|sid=JVtS|wftype=certificate_signing_request_v2|wfid=1279]
2021/12/20 14:24:23 openxpki.application.INFO KeyGenerationMode condition result: 1 (server ?= both) [pid=94|sid=JVtS|wftype=certificate_signing_request_v2|wfid=1279]
2021/12/20 14:24:23 openxpki.application.INFO KeyGenerationMode condition result: 1 (client ?= both) [pid=94|sid=JVtS]
2021/12/20 14:24:23 openxpki.application.INFO KeyGenerationMode condition result: 1 (server ?= both) [pid=94|sid=JVtS]
2021/12/20 14:24:23 openxpki.application.INFO KeyGenerationMode condition result: 1 (client ?= both) [pid=94|sid=JVtS]
2021/12/20 14:24:23 openxpki.application.INFO KeyGenerationMode condition result: 1 (server ?= both) [pid=94|sid=JVtS]
2021/12/20 14:24:27 openxpki.application.INFO KeyGenerationMode condition result: 1 (client ?= both) [pid=94|sid=JVtS]
2021/12/20 14:24:27 openxpki.application.INFO KeyGenerationMode condition result: 1 (server ?= both) [pid=94|sid=JVtS]
2021/12/20 14:24:40 openxpki.application.INFO KeyGenerationMode condition result: 1 (server ?= both) [pid=94|sid=JVtS|wftype=certificate_signing_request_v2|wfid=1279]
2021/12/20 14:24:40 openxpki.application.INFO Execute action csr_provide_server_key_params on workflow #1279 [pid=94|sid=JVtS|wftype=certificate_signing_request_v2|wfid=1279]
2021/12/20 14:24:58 openxpki.application.INFO Execute action csr_retype_server_password on workflow #1279 [pid=94|sid=JVtS|wftype=certificate_signing_request_v2|wfid=1279]
2021/12/20 14:24:58 openxpki.application.INFO Execute action csr_persist_key_password on workflow #1279 [pid=94|sid=JVtS|wftype=certificate_signing_request_v2|wfid=1279]
2021/12/20 14:24:58 openxpki.system.ERROR I18N_OPENXPKI_API_TOKEN_GET_TOKEN_ALIAS_BY_GROUP_NO_RESULT; __PKI_REALM__ => ca-one; __NOTBEFORE__ => 1640010298; __GROUP__ => ca-one-vault; __NOAFTER__ => 1640010298 [pid=94|sid=JVtS|wftype=certificate_signing_request_v2|wfid=1279]
2021/12/20 14:24:58 Workflow.ERROR Caught exception from action: I18N_OPENXPKI_API_TOKEN_GET_TOKEN_ALIAS_BY_GROUP_NO_RESULT; __NOAFTER__ => 1640010298; __GROUP__ => ca-one-vault; __NOTBEFORE__ => 1640010298; __PKI_REALM__ => ca-one; reset workflow to old state 'PERSIST_KEY_PASSWORD' [pid=94|sid=JVtS|wftype=certificate_signing_request_v2|wfid=1279]
2021/12/20 14:24:58 openxpki.system.ERROR I18N_OPENXPKI_SERVER_WORKFLOW_ERROR_ON_EXECUTE; __EXCEPTION__ => OpenXPKI::Exception; __ERROR__ => I18N_OPENXPKI_API_TOKEN_GET_TOKEN_ALIAS_BY_GROUP_NO_RESULT; __PKI_REALM__ => ca-one; __NOTBEFORE__ => 1640010298; __GROUP__ => ca-one-vault; __NOAFTER__ => 1640010298; __ACTION__ => csr_persist_key_password [pid=94|sid=JVtS|wftype=certificate_signing_request_v2|wfid=1279]
2021/12/20 14:24:58 openxpki.workflow.ERROR Error executing workflow activity 'csr_retype_server_password' on workflow id 1279 (type certificate_signing_request_v2): I18N_OPENXPKI_SERVER_WORKFLOW_ERROR_ON_EXECUTE; __EXCEPTION__ => OpenXPKI::Exception; __ERROR__ => I18N_OPENXPKI_API_TOKEN_GET_TOKEN_ALIAS_BY_GROUP_NO_RESULT; __GROUP__ => ca-one-vault; __NOAFTER__ => 1640010298; __PKI_REALM__ => ca-one; __NOTBEFORE__ => 1640010298; __ACTION__ => csr_persist_key_password [pid=94|sid=JVtS|wftype=certificate_signing_request_v2|wfid=1279]
2021/12/20 14:24:58 openxpki.system.ERROR I18N_OPENXPKI_SERVER_API_WORKFLOW_GET_WORKFLOW_INFO_NO_WORKFLOW_GIVEN; __ARGS__ => HASH(0x9404a48) [pid=94|sid=JVtS]
2021/12/20 14:28:30 openxpki.application.INFO Purged 1 expired sessions [pid=27|sid=VHVW]
2021/12/20 14:33:35 openxpki.application.INFO Purged 1 expired sessions [pid=27|sid=VHVW]
2021/12/20 14:38:36 openxpki.application.INFO Purged 1 expired sessions [pid=27|sid=VHVW]
