2021/12/20 14:15:21 0 Execute action statsys_initalize on workflow #0 
2021/12/20 14:19:29 511 Execute action csr_select_profile on workflow #511 
2021/12/20 14:19:29 511 KeyGenerationMode condition result: 1 (client ?= both) 
2021/12/20 14:19:29 511 KeyGenerationMode condition result: 1 (server ?= both) 
2021/12/20 14:19:47 511 KeyGenerationMode condition result: 1 (server ?= both) 
2021/12/20 14:19:47 511 Execute action csr_provide_server_key_params on workflow #511 
2021/12/20 14:19:55 511 Execute action csr_retype_server_password on workflow #511 
2021/12/20 14:19:55 511 Execute action csr_persist_key_password on workflow #511 
2021/12/20 14:20:58 767 Execute action csr_select_profile on workflow #767 
2021/12/20 14:20:58 767 KeyGenerationMode condition result: 1 (client ?= both) 
2021/12/20 14:20:58 767 KeyGenerationMode condition result: 1 (server ?= both) 
2021/12/20 14:21:09 767 KeyGenerationMode condition result: 1 (server ?= both) 
2021/12/20 14:21:09 767 Execute action csr_provide_server_key_params on workflow #767 
2021/12/20 14:21:21 767 Execute action csr_retype_server_password on workflow #767 
2021/12/20 14:21:21 767 Execute action csr_persist_key_password on workflow #767 
2021/12/20 14:21:50 0 Execute action statsys_initalize on workflow #0 
2021/12/20 14:23:46 1023 Execute action csr_select_profile on workflow #1023 
2021/12/20 14:23:46 1023 KeyGenerationMode condition result: 1 (client ?= both) 
2021/12/20 14:23:46 1023 KeyGenerationMode condition result: 1 (server ?= both) 
2021/12/20 14:23:59 1023 KeyGenerationMode condition result: 1 (server ?= both) 
2021/12/20 14:23:59 1023 Execute action csr_provide_server_key_params on workflow #1023 
2021/12/20 14:24:06 1023 Execute action csr_retype_server_password on workflow #1023 
2021/12/20 14:24:06 1023 Execute action csr_persist_key_password on workflow #1023 
2021/12/20 14:24:23 1279 Execute action csr_select_profile on workflow #1279 
2021/12/20 14:24:23 1279 KeyGenerationMode condition result: 1 (client ?= both) 
2021/12/20 14:24:23 1279 KeyGenerationMode condition result: 1 (server ?= both) 
2021/12/20 14:24:40 1279 KeyGenerationMode condition result: 1 (server ?= both) 
2021/12/20 14:24:40 1279 Execute action csr_provide_server_key_params on workflow #1279 
2021/12/20 14:24:58 1279 Execute action csr_retype_server_password on workflow #1279 
2021/12/20 14:24:58 1279 Execute action csr_persist_key_password on workflow #1279 
